{"level":"\u001b[32minfo\u001b[39m","message":"{\"method\":\"GET/\",\"url\":\"200\",\"status\":\"29.634\",\"responseTime\":\"ms\\n\"}","timestamp":"2024-09-30T09:17:17.469Z"}
{"level":"\u001b[32minfo\u001b[39m","message":"{\"method\":\"GET/notfound\",\"url\":\"404\",\"status\":\"4.379\",\"responseTime\":\"ms\\n\"}","timestamp":"2024-09-30T09:17:31.595Z"}
{"level":"\u001b[32minfo\u001b[39m","message":"{\"method\":\"GET/products2\",\"url\":\"500\",\"status\":\"6.708\",\"responseTime\":\"ms\\n\"}","timestamp":"2024-09-30T09:17:42.658Z"}
{"level":"\u001b[32minfo\u001b[39m","message":"{\"method\":\"GET/\",\"url\":\"304\",\"status\":\"10.988\",\"responseTime\":\"ms\\n\"}","timestamp":"2024-09-30T16:00:36.167Z"}
{"level":"\u001b[32minfo\u001b[39m","message":"{\"method\":\"GET/favicon.ico\",\"url\":\"404\",\"status\":\"3.265\",\"responseTime\":\"ms\\n\"}","timestamp":"2024-09-30T16:00:36.409Z"}
{"level":"\u001b[32minfo\u001b[39m","message":"{\"method\":\"GET/api-docs/\",\"url\":\"200\",\"status\":\"1.860\",\"responseTime\":\"ms\\n\"}","timestamp":"2024-09-30T16:00:43.878Z"}
{"level":"\u001b[32minfo\u001b[39m","message":"{\"method\":\"GET/api-docs/swagger-ui-init.js\",\"url\":\"200\",\"status\":\"0.632\",\"responseTime\":\"ms\\n\"}","timestamp":"2024-09-30T16:00:43.927Z"}
{"level":"\u001b[32minfo\u001b[39m","message":"{\"method\":\"GET/api-docs/swagger-ui-bundle.js\",\"url\":\"200\",\"status\":\"11.056\",\"responseTime\":\"ms\\n\"}","timestamp":"2024-09-30T16:00:43.953Z"}
{"level":"\u001b[32minfo\u001b[39m","message":"{\"method\":\"GET/api-docs/swagger-ui.css\",\"url\":\"200\",\"status\":\"154.297\",\"responseTime\":\"ms\\n\"}","timestamp":"2024-09-30T16:00:44.080Z"}
{"level":"\u001b[32minfo\u001b[39m","message":"{\"method\":\"GET/api-docs/swagger-ui-standalone-preset.js\",\"url\":\"200\",\"status\":\"197.587\",\"responseTime\":\"ms\\n\"}","timestamp":"2024-09-30T16:00:44.126Z"}
{"level":"\u001b[32minfo\u001b[39m","message":"{\"method\":\"GET/api-docs/favicon-32x32.png\",\"url\":\"200\",\"status\":\"12.540\",\"responseTime\":\"ms\\n\"}","timestamp":"2024-09-30T16:00:44.569Z"}
{"level":"\u001b[32minfo\u001b[39m","message":"{\"method\":\"GET/\",\"url\":\"200\",\"status\":\"107.200\",\"responseTime\":\"ms\\n\"}","timestamp":"2024-10-01T14:06:11.239Z"}
{"level":"\u001b[32minfo\u001b[39m","message":"{\"method\":\"GET/favicon.ico\",\"url\":\"404\",\"status\":\"4.918\",\"responseTime\":\"ms\\n\"}","timestamp":"2024-10-01T14:06:11.511Z"}
{"level":"\u001b[32minfo\u001b[39m","message":"{\"method\":\"GET/view\",\"url\":\"200\",\"status\":\"151.997\",\"responseTime\":\"ms\\n\"}","timestamp":"2024-10-01T14:06:16.693Z"}
{"level":"\u001b[32minfo\u001b[39m","message":"{\"method\":\"GET/auth/google\",\"url\":\"404\",\"status\":\"7.255\",\"responseTime\":\"ms\\n\"}","timestamp":"2024-10-10T17:10:23.035Z"}
{"level":"\u001b[32minfo\u001b[39m","message":"{\"method\":\"GET/favicon.ico\",\"url\":\"404\",\"status\":\"0.535\",\"responseTime\":\"ms\\n\"}","timestamp":"2024-10-10T17:10:24.905Z"}
{"level":"\u001b[32minfo\u001b[39m","message":"{\"method\":\"GET/api-docs\",\"url\":\"301\",\"status\":\"2.371\",\"responseTime\":\"ms\\n\"}","timestamp":"2024-10-10T17:10:28.380Z"}
{"level":"\u001b[32minfo\u001b[39m","message":"{\"method\":\"GET/api-docs/\",\"url\":\"200\",\"status\":\"2.927\",\"responseTime\":\"ms\\n\"}","timestamp":"2024-10-10T17:10:28.394Z"}
{"level":"\u001b[32minfo\u001b[39m","message":"{\"method\":\"GET/api-docs/swagger-ui-init.js\",\"url\":\"200\",\"status\":\"0.589\",\"responseTime\":\"ms\\n\"}","timestamp":"2024-10-10T17:10:28.439Z"}
{"level":"\u001b[32minfo\u001b[39m","message":"{\"method\":\"GET/api-docs/swagger-ui.css\",\"url\":\"200\",\"status\":\"17.924\",\"responseTime\":\"ms\\n\"}","timestamp":"2024-10-10T17:10:28.459Z"}
{"level":"\u001b[32minfo\u001b[39m","message":"{\"method\":\"GET/api-docs/swagger-ui-standalone-preset.js\",\"url\":\"200\",\"status\":\"20.616\",\"responseTime\":\"ms\\n\"}","timestamp":"2024-10-10T17:10:28.478Z"}
{"level":"\u001b[32minfo\u001b[39m","message":"{\"method\":\"GET/api-docs/swagger-ui-bundle.js\",\"url\":\"200\",\"status\":\"29.345\",\"responseTime\":\"ms\\n\"}","timestamp":"2024-10-10T17:10:28.492Z"}
{"level":"\u001b[32minfo\u001b[39m","message":"{\"method\":\"GET/api-docs/favicon-32x32.png\",\"url\":\"200\",\"status\":\"7.714\",\"responseTime\":\"ms\\n\"}","timestamp":"2024-10-10T17:10:28.763Z"}
{"level":"\u001b[32minfo\u001b[39m","message":"{\"method\":\"GET/api-docs/\",\"url\":\"304\",\"status\":\"1.492\",\"responseTime\":\"ms\\n\"}","timestamp":"2024-10-10T17:20:28.957Z"}
{"level":"\u001b[32minfo\u001b[39m","message":"{\"method\":\"GET/api-docs/\",\"url\":\"200\",\"status\":\"4.606\",\"responseTime\":\"ms\\n\"}","timestamp":"2024-10-10T17:21:32.606Z"}
{"level":"\u001b[32minfo\u001b[39m","message":"{\"method\":\"GET/api-docs/swagger-ui-init.js\",\"url\":\"200\",\"status\":\"0.300\",\"responseTime\":\"ms\\n\"}","timestamp":"2024-10-10T17:21:32.653Z"}
{"level":"\u001b[32minfo\u001b[39m","message":"{\"method\":\"GET/api-docs/swagger-ui.css\",\"url\":\"200\",\"status\":\"12.525\",\"responseTime\":\"ms\\n\"}","timestamp":"2024-10-10T17:21:32.670Z"}
{"level":"\u001b[32minfo\u001b[39m","message":"{\"method\":\"GET/api-docs/swagger-ui-standalone-preset.js\",\"url\":\"200\",\"status\":\"14.907\",\"responseTime\":\"ms\\n\"}","timestamp":"2024-10-10T17:21:32.678Z"}
{"level":"\u001b[32minfo\u001b[39m","message":"{\"method\":\"GET/api-docs/swagger-ui-bundle.js\",\"url\":\"200\",\"status\":\"13.082\",\"responseTime\":\"ms\\n\"}","timestamp":"2024-10-10T17:21:32.731Z"}
{"level":"\u001b[32minfo\u001b[39m","message":"{\"method\":\"GET/api-docs/favicon-32x32.png\",\"url\":\"200\",\"status\":\"1.690\",\"responseTime\":\"ms\\n\"}","timestamp":"2024-10-10T17:21:33.054Z"}
{"level":"\u001b[32minfo\u001b[39m","message":"{\"method\":\"GET/api-docs/swagger-ui.css\",\"url\":\"304\",\"status\":\"8.893\",\"responseTime\":\"ms\\n\"}","timestamp":"2024-10-10T17:50:33.604Z"}
{"level":"\u001b[32minfo\u001b[39m","message":"{\"method\":\"GET/api-docs/swagger-ui.css.map\",\"url\":\"200\",\"status\":\"7.184\",\"responseTime\":\"ms\\n\"}","timestamp":"2024-10-10T17:50:33.898Z"}
{"level":"\u001b[32minfo\u001b[39m","message":"{\"method\":\"GET/api-docs/\",\"url\":\"304\",\"status\":\"3.393\",\"responseTime\":\"ms\\n\"}","timestamp":"2024-10-10T17:50:39.191Z"}
{"level":"\u001b[32minfo\u001b[39m","message":"{\"method\":\"GET/api-docs/swagger-ui.css\",\"url\":\"304\",\"status\":\"1.683\",\"responseTime\":\"ms\\n\"}","timestamp":"2024-10-10T17:50:39.267Z"}
{"level":"\u001b[32minfo\u001b[39m","message":"{\"method\":\"GET/api-docs/swagger-ui-bundle.js\",\"url\":\"304\",\"status\":\"1.578\",\"responseTime\":\"ms\\n\"}","timestamp":"2024-10-10T17:50:39.276Z"}
{"level":"\u001b[32minfo\u001b[39m","message":"{\"method\":\"GET/api-docs/swagger-ui-standalone-preset.js\",\"url\":\"304\",\"status\":\"3.475\",\"responseTime\":\"ms\\n\"}","timestamp":"2024-10-10T17:50:39.278Z"}
{"level":"\u001b[32minfo\u001b[39m","message":"{\"method\":\"GET/api-docs/swagger-ui-init.js\",\"url\":\"304\",\"status\":\"1.622\",\"responseTime\":\"ms\\n\"}","timestamp":"2024-10-10T17:50:39.321Z"}
{"level":"\u001b[32minfo\u001b[39m","message":"{\"method\":\"GET/api-docs/swagger-ui.css.map\",\"url\":\"304\",\"status\":\"0.707\",\"responseTime\":\"ms\\n\"}","timestamp":"2024-10-10T17:50:39.935Z"}
{"level":"\u001b[32minfo\u001b[39m","message":"{\"method\":\"GET/api-docs/favicon-32x32.png\",\"url\":\"304\",\"status\":\"0.934\",\"responseTime\":\"ms\\n\"}","timestamp":"2024-10-10T17:50:40.966Z"}
{"level":"\u001b[32minfo\u001b[39m","message":"{\"method\":\"GET/api-docs/\",\"url\":\"304\",\"status\":\"1.157\",\"responseTime\":\"ms\\n\"}","timestamp":"2024-10-10T17:51:10.794Z"}
{"level":"\u001b[32minfo\u001b[39m","message":"{\"method\":\"GET/api-docs/\",\"url\":\"200\",\"status\":\"3.686\",\"responseTime\":\"ms\\n\"}","timestamp":"2024-10-10T17:51:51.613Z"}
{"level":"\u001b[32minfo\u001b[39m","message":"{\"method\":\"GET/api-docs/swagger-ui.css\",\"url\":\"200\",\"status\":\"5.299\",\"responseTime\":\"ms\\n\"}","timestamp":"2024-10-10T17:51:51.682Z"}
{"level":"\u001b[32minfo\u001b[39m","message":"{\"method\":\"GET/api-docs/swagger-ui-init.js\",\"url\":\"200\",\"status\":\"0.310\",\"responseTime\":\"ms\\n\"}","timestamp":"2024-10-10T17:51:51.687Z"}
{"level":"\u001b[32minfo\u001b[39m","message":"{\"method\":\"GET/api-docs/swagger-ui-standalone-preset.js\",\"url\":\"200\",\"status\":\"9.872\",\"responseTime\":\"ms\\n\"}","timestamp":"2024-10-10T17:51:51.697Z"}
{"level":"\u001b[32minfo\u001b[39m","message":"{\"method\":\"GET/api-docs/swagger-ui-bundle.js\",\"url\":\"200\",\"status\":\"10.624\",\"responseTime\":\"ms\\n\"}","timestamp":"2024-10-10T17:51:51.907Z"}
{"level":"\u001b[32minfo\u001b[39m","message":"{\"method\":\"GET/api-docs/favicon-32x32.png\",\"url\":\"304\",\"status\":\"2.142\",\"responseTime\":\"ms\\n\"}","timestamp":"2024-10-10T17:51:52.645Z"}
{"level":"\u001b[32minfo\u001b[39m","message":"{\"method\":\"GET/api-docs/\",\"url\":\"304\",\"status\":\"5.572\",\"responseTime\":\"ms\\n\"}","timestamp":"2024-10-10T17:52:01.252Z"}
{"level":"\u001b[32minfo\u001b[39m","message":"{\"method\":\"GET/api-docs/swagger-ui-bundle.js\",\"url\":\"304\",\"status\":\"2.101\",\"responseTime\":\"ms\\n\"}","timestamp":"2024-10-10T17:52:01.303Z"}
{"level":"\u001b[32minfo\u001b[39m","message":"{\"method\":\"GET/api-docs/swagger-ui.css\",\"url\":\"304\",\"status\":\"9.916\",\"responseTime\":\"ms\\n\"}","timestamp":"2024-10-10T17:52:01.310Z"}
{"level":"\u001b[32minfo\u001b[39m","message":"{\"method\":\"GET/api-docs/swagger-ui-standalone-preset.js\",\"url\":\"304\",\"status\":\"0.831\",\"responseTime\":\"ms\\n\"}","timestamp":"2024-10-10T17:52:01.415Z"}
{"level":"\u001b[32minfo\u001b[39m","message":"{\"method\":\"GET/api-docs/\",\"url\":\"304\",\"status\":\"8.074\",\"responseTime\":\"ms\\n\"}","timestamp":"2024-10-10T18:14:09.639Z"}
{"level":"\u001b[32minfo\u001b[39m","message":"{\"method\":\"GET/api-docs/swagger-ui.css\",\"url\":\"304\",\"status\":\"10.300\",\"responseTime\":\"ms\\n\"}","timestamp":"2024-10-10T18:14:09.817Z"}
{"level":"\u001b[32minfo\u001b[39m","message":"{\"method\":\"GET/api-docs/swagger-ui-bundle.js\",\"url\":\"304\",\"status\":\"8.813\",\"responseTime\":\"ms\\n\"}","timestamp":"2024-10-10T18:14:09.844Z"}
{"level":"\u001b[32minfo\u001b[39m","message":"{\"method\":\"GET/api-docs/swagger-ui-standalone-preset.js\",\"url\":\"304\",\"status\":\"14.833\",\"responseTime\":\"ms\\n\"}","timestamp":"2024-10-10T18:14:09.851Z"}
{"level":"\u001b[32minfo\u001b[39m","message":"{\"method\":\"GET/api-docs/swagger-ui-init.js\",\"url\":\"200\",\"status\":\"5.544\",\"responseTime\":\"ms\\n\"}","timestamp":"2024-10-10T18:14:09.874Z"}
{"level":"\u001b[32minfo\u001b[39m","message":"{\"method\":\"GET/api-docs/swagger-ui-init.js\",\"url\":\"200\",\"status\":\"1.046\",\"responseTime\":\"ms\\n\"}","timestamp":"2024-10-10T18:14:09.908Z"}
{"level":"\u001b[32minfo\u001b[39m","message":"{\"method\":\"GET/api-docs/swagger-ui-standalone-preset.js\",\"url\":\"200\",\"status\":\"18.153\",\"responseTime\":\"ms\\n\"}","timestamp":"2024-10-10T18:14:09.922Z"}
{"level":"\u001b[32minfo\u001b[39m","message":"{\"method\":\"GET/api-docs/swagger-ui-bundle.js\",\"url\":\"200\",\"status\":\"16.375\",\"responseTime\":\"ms\\n\"}","timestamp":"2024-10-10T18:14:09.943Z"}
{"level":"\u001b[32minfo\u001b[39m","message":"{\"method\":\"GET/api-docs/swagger-ui.css.map\",\"url\":\"200\",\"status\":\"1.651\",\"responseTime\":\"ms\\n\"}","timestamp":"2024-10-10T18:14:10.123Z"}
{"level":"\u001b[32minfo\u001b[39m","message":"{\"method\":\"GET/api-docs/favicon-32x32.png\",\"url\":\"200\",\"status\":\"2.579\",\"responseTime\":\"ms\\n\"}","timestamp":"2024-10-10T18:14:11.216Z"}
{"level":"\u001b[32minfo\u001b[39m","message":"{\"method\":\"GET/api-docs\",\"url\":\"301\",\"status\":\"1.103\",\"responseTime\":\"ms\\n\"}","timestamp":"2024-10-10T18:33:19.762Z"}
{"level":"\u001b[32minfo\u001b[39m","message":"{\"method\":\"GET/api-docs/\",\"url\":\"200\",\"status\":\"1.163\",\"responseTime\":\"ms\\n\"}","timestamp":"2024-10-10T18:33:19.766Z"}
{"level":"\u001b[32minfo\u001b[39m","message":"{\"method\":\"GET/api-docs\",\"url\":\"301\",\"status\":\"0.443\",\"responseTime\":\"ms\\n\"}","timestamp":"2024-10-10T18:35:41.830Z"}
{"level":"\u001b[32minfo\u001b[39m","message":"{\"method\":\"GET/api-docs\",\"url\":\"301\",\"status\":\"0.217\",\"responseTime\":\"ms\\n\"}","timestamp":"2024-10-10T18:36:16.022Z"}
{"level":"\u001b[32minfo\u001b[39m","message":"{\"method\":\"GET/api-docs\",\"url\":\"301\",\"status\":\"1.284\",\"responseTime\":\"ms\\n\"}","timestamp":"2024-10-10T18:52:24.056Z"}
{"level":"\u001b[32minfo\u001b[39m","message":"{\"method\":\"GET/api-docs\",\"url\":\"301\",\"status\":\"0.352\",\"responseTime\":\"ms\\n\"}","timestamp":"2024-10-10T18:53:00.927Z"}
{"level":"\u001b[32minfo\u001b[39m","message":"{\"method\":\"GET/api-docs\",\"url\":\"301\",\"status\":\"0.182\",\"responseTime\":\"ms\\n\"}","timestamp":"2024-10-10T18:55:12.141Z"}
{"level":"\u001b[32minfo\u001b[39m","message":"{\"method\":\"GET/api-docs/\",\"url\":\"200\",\"status\":\"1.157\",\"responseTime\":\"ms\\n\"}","timestamp":"2024-10-10T18:55:12.144Z"}
{"level":"\u001b[32minfo\u001b[39m","message":"{\"method\":\"GET/api-docs\",\"url\":\"301\",\"status\":\"0.269\",\"responseTime\":\"ms\\n\"}","timestamp":"2024-10-10T18:56:37.872Z"}
{"level":"\u001b[32minfo\u001b[39m","message":"{\"method\":\"GET/api-docs/\",\"url\":\"200\",\"status\":\"0.330\",\"responseTime\":\"ms\\n\"}","timestamp":"2024-10-10T18:56:37.873Z"}
{"level":"\u001b[32minfo\u001b[39m","message":"{\"method\":\"GET/api-docs\",\"url\":\"301\",\"status\":\"0.454\",\"responseTime\":\"ms\\n\"}","timestamp":"2024-10-10T18:59:07.575Z"}
{"level":"\u001b[32minfo\u001b[39m","message":"{\"method\":\"GET/api-docs/\",\"url\":\"200\",\"status\":\"0.439\",\"responseTime\":\"ms\\n\"}","timestamp":"2024-10-10T18:59:07.577Z"}
{"level":"\u001b[32minfo\u001b[39m","message":"{\"method\":\"GET/api-docs\",\"url\":\"301\",\"status\":\"0.190\",\"responseTime\":\"ms\\n\"}","timestamp":"2024-10-10T19:00:02.863Z"}
{"level":"\u001b[32minfo\u001b[39m","message":"{\"method\":\"GET/api-docs/\",\"url\":\"200\",\"status\":\"0.520\",\"responseTime\":\"ms\\n\"}","timestamp":"2024-10-10T19:00:02.866Z"}
{"level":"\u001b[32minfo\u001b[39m","message":"{\"method\":\"GET/api-docs/\",\"url\":\"200\",\"status\":\"0.389\",\"responseTime\":\"ms\\n\"}","timestamp":"2024-10-10T19:15:12.447Z"}
{"level":"\u001b[32minfo\u001b[39m","message":"{\"method\":\"GET/api-docs\",\"url\":\"301\",\"status\":\"0.260\",\"responseTime\":\"ms\\n\"}","timestamp":"2024-10-10T19:15:29.481Z"}
{"level":"\u001b[32minfo\u001b[39m","message":"{\"method\":\"GET/api-docs/\",\"url\":\"200\",\"status\":\"0.418\",\"responseTime\":\"ms\\n\"}","timestamp":"2024-10-10T19:15:29.483Z"}
{"level":"\u001b[32minfo\u001b[39m","message":"{\"method\":\"GET/api-docs\",\"url\":\"301\",\"status\":\"0.195\",\"responseTime\":\"ms\\n\"}","timestamp":"2024-10-10T19:17:15.415Z"}
{"level":"\u001b[32minfo\u001b[39m","message":"{\"method\":\"GET/api-docs/\",\"url\":\"200\",\"status\":\"0.300\",\"responseTime\":\"ms\\n\"}","timestamp":"2024-10-10T19:17:15.417Z"}
{"level":"\u001b[32minfo\u001b[39m","message":"{\"method\":\"GET/api-docs/\",\"url\":\"304\",\"status\":\"2.435\",\"responseTime\":\"ms\\n\"}","timestamp":"2024-10-11T09:41:23.391Z"}
{"level":"\u001b[32minfo\u001b[39m","message":"{\"method\":\"GET/api-docs/swagger-ui-init.js\",\"url\":\"200\",\"status\":\"1.009\",\"responseTime\":\"ms\\n\"}","timestamp":"2024-10-11T09:41:23.470Z"}
{"level":"\u001b[32minfo\u001b[39m","message":"{\"method\":\"GET/api-docs/swagger-ui.css\",\"url\":\"304\",\"status\":\"4.523\",\"responseTime\":\"ms\\n\"}","timestamp":"2024-10-11T09:41:23.472Z"}
{"level":"\u001b[32minfo\u001b[39m","message":"{\"method\":\"GET/api-docs/swagger-ui-standalone-preset.js\",\"url\":\"304\",\"status\":\"1.369\",\"responseTime\":\"ms\\n\"}","timestamp":"2024-10-11T09:41:23.477Z"}
{"level":"\u001b[32minfo\u001b[39m","message":"{\"method\":\"GET/api-docs/swagger-ui-bundle.js\",\"url\":\"304\",\"status\":\"2.467\",\"responseTime\":\"ms\\n\"}","timestamp":"2024-10-11T09:41:23.478Z"}
{"level":"\u001b[32minfo\u001b[39m","message":"{\"method\":\"GET/api-docs/swagger-ui-init.js\",\"url\":\"200\",\"status\":\"0.280\",\"responseTime\":\"ms\\n\"}","timestamp":"2024-10-11T09:41:23.512Z"}
{"level":"\u001b[32minfo\u001b[39m","message":"{\"method\":\"GET/api-docs/swagger-ui-standalone-preset.js\",\"url\":\"200\",\"status\":\"4.608\",\"responseTime\":\"ms\\n\"}","timestamp":"2024-10-11T09:41:23.522Z"}
{"level":"\u001b[32minfo\u001b[39m","message":"{\"method\":\"GET/api-docs/swagger-ui-bundle.js\",\"url\":\"200\",\"status\":\"4.930\",\"responseTime\":\"ms\\n\"}","timestamp":"2024-10-11T09:41:23.532Z"}
{"level":"\u001b[32minfo\u001b[39m","message":"{\"method\":\"GET/openapi\",\"url\":\"404\",\"status\":\"3.063\",\"responseTime\":\"ms\\n\"}","timestamp":"2024-10-11T09:41:30.624Z"}
{"level":"\u001b[32minfo\u001b[39m","message":"{\"method\":\"GET/favicon.ico\",\"url\":\"404\",\"status\":\"0.748\",\"responseTime\":\"ms\\n\"}","timestamp":"2024-10-11T09:41:32.012Z"}
{"level":"\u001b[32minfo\u001b[39m","message":"{\"method\":\"GET/openapi.json\",\"url\":\"500\",\"status\":\"1.909\",\"responseTime\":\"ms\\n\"}","timestamp":"2024-10-11T09:41:56.749Z"}
{"level":"\u001b[32minfo\u001b[39m","message":"{\"method\":\"GET/openapi.json\",\"url\":\"500\",\"status\":\"2.157\",\"responseTime\":\"ms\\n\"}","timestamp":"2024-10-11T09:42:24.262Z"}
{"level":"\u001b[32minfo\u001b[39m","message":"{\"method\":\"GET/openapi.json\",\"url\":\"500\",\"status\":\"4.008\",\"responseTime\":\"ms\\n\"}","timestamp":"2024-10-11T09:45:45.005Z"}
{"level":"\u001b[32minfo\u001b[39m","message":"{\"method\":\"GET/openapi.json\",\"url\":\"200\",\"status\":\"10.204\",\"responseTime\":\"ms\\n\"}","timestamp":"2024-10-11T09:46:49.524Z"}
{"level":"\u001b[32minfo\u001b[39m","message":"{\"method\":\"GET/openapi.json\",\"url\":\"304\",\"status\":\"9.686\",\"responseTime\":\"ms\\n\"}","timestamp":"2024-10-11T09:51:14.577Z"}
{"level":"\u001b[32minfo\u001b[39m","message":"{\"method\":\"GET/openapi.json\",\"url\":\"200\",\"status\":\"1.706\",\"responseTime\":\"ms\\n\"}","timestamp":"2024-10-11T09:56:42.792Z"}
{"level":"\u001b[32minfo\u001b[39m","message":"{\"method\":\"GET/openapi.json\",\"url\":\"200\",\"status\":\"1.774\",\"responseTime\":\"ms\\n\"}","timestamp":"2024-10-11T09:56:42.861Z"}
{"level":"\u001b[32minfo\u001b[39m","message":"{\"method\":\"GET/openapi.json\",\"url\":\"200\",\"status\":\"1.135\",\"responseTime\":\"ms\\n\"}","timestamp":"2024-10-11T10:02:33.993Z"}
{"level":"\u001b[32minfo\u001b[39m","message":"{\"method\":\"GET/openapi.json\",\"url\":\"200\",\"status\":\"1.243\",\"responseTime\":\"ms\\n\"}","timestamp":"2024-10-11T10:02:34.068Z"}
{"level":"\u001b[32minfo\u001b[39m","message":"{\"method\":\"GET/openapi.json\",\"url\":\"200\",\"status\":\"1.167\",\"responseTime\":\"ms\\n\"}","timestamp":"2024-10-11T10:03:05.899Z"}
{"level":"\u001b[32minfo\u001b[39m","message":"{\"method\":\"GET/openapi.json\",\"url\":\"200\",\"status\":\"0.901\",\"responseTime\":\"ms\\n\"}","timestamp":"2024-10-11T10:03:05.959Z"}
{"level":"\u001b[32minfo\u001b[39m","message":"{\"method\":\"GET/openapi.json\",\"url\":\"200\",\"status\":\"1.184\",\"responseTime\":\"ms\\n\"}","timestamp":"2024-10-11T10:05:39.380Z"}
{"level":"\u001b[32minfo\u001b[39m","message":"{\"method\":\"GET/openapi.json\",\"url\":\"200\",\"status\":\"0.888\",\"responseTime\":\"ms\\n\"}","timestamp":"2024-10-11T10:05:39.433Z"}
{"level":"\u001b[32minfo\u001b[39m","message":"{\"method\":\"GET/openapi.json\",\"url\":\"200\",\"status\":\"4.297\",\"responseTime\":\"ms\\n\"}","timestamp":"2024-10-11T11:55:38.974Z"}
{"level":"\u001b[32minfo\u001b[39m","message":"{\"method\":\"GET/openapi.json\",\"url\":\"200\",\"status\":\"1.300\",\"responseTime\":\"ms\\n\"}","timestamp":"2024-10-11T11:55:39.036Z"}
{"level":"\u001b[32minfo\u001b[39m","message":"{\"method\":\"POST/api/v1/products\",\"url\":\"201\",\"status\":\"77.002\",\"responseTime\":\"ms\\n\"}","timestamp":"2024-10-11T12:21:14.230Z"}
{"level":"\u001b[32minfo\u001b[39m","message":"{\"method\":\"GET/api/v1/products\",\"url\":\"200\",\"status\":\"22.990\",\"responseTime\":\"ms\\n\"}","timestamp":"2024-10-11T12:21:30.778Z"}
{"level":"\u001b[32minfo\u001b[39m","message":"{\"method\":\"GET/api/v1/products\",\"url\":\"200\",\"status\":\"13.998\",\"responseTime\":\"ms\\n\"}","timestamp":"2024-10-11T12:21:49.417Z"}
{"level":"\u001b[32minfo\u001b[39m","message":"{\"method\":\"GET/favicon.ico\",\"url\":\"404\",\"status\":\"0.952\",\"responseTime\":\"ms\\n\"}","timestamp":"2024-10-11T12:21:51.418Z"}
{"level":"\u001b[32minfo\u001b[39m","message":"{\"method\":\"POST/api/v1/auth/signup\",\"url\":\"500\",\"status\":\"242.177\",\"responseTime\":\"ms\\n\"}","timestamp":"2024-10-11T12:50:49.326Z"}
{"level":"\u001b[32minfo\u001b[39m","message":"{\"method\":\"POST/api/v1/auth/signup\",\"url\":\"500\",\"status\":\"158.961\",\"responseTime\":\"ms\\n\"}","timestamp":"2024-10-11T12:50:58.533Z"}
{"level":"\u001b[32minfo\u001b[39m","message":"{\"method\":\"POST/api/v1/auth/signup\",\"url\":\"500\",\"status\":\"11.224\",\"responseTime\":\"ms\\n\"}","timestamp":"2024-10-11T12:52:16.173Z"}
{"level":"\u001b[32minfo\u001b[39m","message":"{\"method\":\"POST/auth/signup\",\"url\":\"404\",\"status\":\"1.091\",\"responseTime\":\"ms\\n\"}","timestamp":"2024-10-11T12:54:13.252Z"}
{"level":"\u001b[32minfo\u001b[39m","message":"{\"method\":\"POST/api/auth/signup\",\"url\":\"404\",\"status\":\"0.937\",\"responseTime\":\"ms\\n\"}","timestamp":"2024-10-11T12:54:43.805Z"}
{"level":"\u001b[32minfo\u001b[39m","message":"{\"method\":\"POST/auth/signup\",\"url\":\"404\",\"status\":\"0.963\",\"responseTime\":\"ms\\n\"}","timestamp":"2024-10-11T12:54:57.052Z"}
{"level":"\u001b[32minfo\u001b[39m","message":"{\"method\":\"POST/api/auth/signup\",\"url\":\"404\",\"status\":\"0.366\",\"responseTime\":\"ms\\n\"}","timestamp":"2024-10-11T12:55:05.684Z"}
{"level":"\u001b[32minfo\u001b[39m","message":"{\"method\":\"POST/apiv1/auth/signup\",\"url\":\"404\",\"status\":\"0.409\",\"responseTime\":\"ms\\n\"}","timestamp":"2024-10-11T12:55:51.233Z"}
{"level":"\u001b[32minfo\u001b[39m","message":"{\"method\":\"POST/apiv1/auth/signup\",\"url\":\"404\",\"status\":\"0.764\",\"responseTime\":\"ms\\n\"}","timestamp":"2024-10-11T12:56:03.823Z"}
{"level":"\u001b[32minfo\u001b[39m","message":"{\"method\":\"POST/api/v1/auth/signup\",\"url\":\"500\",\"status\":\"79.480\",\"responseTime\":\"ms\\n\"}","timestamp":"2024-10-11T12:56:13.549Z"}
{"level":"\u001b[32minfo\u001b[39m","message":"{\"method\":\"POST/api/v1/auth/signup\",\"url\":\"200\",\"status\":\"3658.776\",\"responseTime\":\"ms\\n\"}","timestamp":"2024-10-11T12:58:49.473Z"}
{"level":"\u001b[32minfo\u001b[39m","message":"{\"method\":\"POST/api/v1/auth/signup\",\"url\":\"200\",\"status\":\"4160.329\",\"responseTime\":\"ms\\n\"}","timestamp":"2024-10-11T13:01:24.845Z"}
{"level":"\u001b[32minfo\u001b[39m","message":"{\"method\":\"POST/api/v1/auth/signup\",\"url\":\"500\",\"status\":\"45.025\",\"responseTime\":\"ms\\n\"}","timestamp":"2024-10-11T13:23:58.916Z"}
{"level":"\u001b[32minfo\u001b[39m","message":"{\"method\":\"POST/api/v1/auth/signup\",\"url\":\"500\",\"status\":\"9.776\",\"responseTime\":\"ms\\n\"}","timestamp":"2024-10-11T13:24:29.774Z"}
{"level":"\u001b[32minfo\u001b[39m","message":"{\"method\":\"POST/api/v1/auth/signup\",\"url\":\"500\",\"status\":\"16.016\",\"responseTime\":\"ms\\n\"}","timestamp":"2024-10-11T13:25:15.961Z"}
{"level":"\u001b[32minfo\u001b[39m","message":"{\"method\":\"POST/api/v1/auth/signup\",\"url\":\"500\",\"status\":\"30.385\",\"responseTime\":\"ms\\n\"}","timestamp":"2024-10-11T13:26:00.775Z"}
{"level":"\u001b[32minfo\u001b[39m","message":"{\"method\":\"POST/api/v1/auth/signup\",\"url\":\"500\",\"status\":\"19.540\",\"responseTime\":\"ms\\n\"}","timestamp":"2024-10-11T13:26:18.490Z"}
{"level":"\u001b[32minfo\u001b[39m","message":"{\"method\":\"POST/api/v1/auth/signup\",\"url\":\"500\",\"status\":\"9.944\",\"responseTime\":\"ms\\n\"}","timestamp":"2024-10-11T13:26:46.406Z"}
{"level":"\u001b[32minfo\u001b[39m","message":"{\"method\":\"POST/api/v1/auth/signup\",\"url\":\"500\",\"status\":\"12.022\",\"responseTime\":\"ms\\n\"}","timestamp":"2024-10-11T13:27:53.916Z"}
{"level":"\u001b[32minfo\u001b[39m","message":"{\"method\":\"POST/api/v1/auth/signup\",\"url\":\"500\",\"status\":\"4.656\",\"responseTime\":\"ms\\n\"}","timestamp":"2024-10-11T13:31:26.570Z"}
{"level":"\u001b[32minfo\u001b[39m","message":"{\"method\":\"POST/api/v1/auth/signup\",\"url\":\"500\",\"status\":\"163.037\",\"responseTime\":\"ms\\n\"}","timestamp":"2024-10-11T13:32:58.544Z"}
{"level":"\u001b[32minfo\u001b[39m","message":"{\"method\":\"POST/api/v1/auth/signup\",\"url\":\"200\",\"status\":\"3572.434\",\"responseTime\":\"ms\\n\"}","timestamp":"2024-10-11T13:33:09.419Z"}
{"level":"\u001b[32minfo\u001b[39m","message":"{\"method\":\"POST/api/v1/auth/signup\",\"url\":\"500\",\"status\":\"69.943\",\"responseTime\":\"ms\\n\"}","timestamp":"2024-10-11T13:35:10.151Z"}
{"level":"\u001b[32minfo\u001b[39m","message":"{\"method\":\"POST/api/v1/auth/signup\",\"url\":\"500\",\"status\":\"22.567\",\"responseTime\":\"ms\\n\"}","timestamp":"2024-10-11T13:35:19.054Z"}
{"level":"\u001b[32minfo\u001b[39m","message":"{\"method\":\"POST/api/v1/auth/signup\",\"url\":\"500\",\"status\":\"52.951\",\"responseTime\":\"ms\\n\"}","timestamp":"2024-10-11T13:40:29.744Z"}
{"level":"\u001b[32minfo\u001b[39m","message":"{\"method\":\"POST/api/v1/auth/signup\",\"url\":\"500\",\"status\":\"28.205\",\"responseTime\":\"ms\\n\"}","timestamp":"2024-10-11T13:41:18.059Z"}
{"level":"\u001b[32minfo\u001b[39m","message":"{\"method\":\"POST/api/v1/auth/signup\",\"url\":\"500\",\"status\":\"52.515\",\"responseTime\":\"ms\\n\"}","timestamp":"2024-10-11T13:47:39.307Z"}
{"level":"\u001b[32minfo\u001b[39m","message":"{\"method\":\"POST/api/v1/auth/signup\",\"url\":\"500\",\"status\":\"3.489\",\"responseTime\":\"ms\\n\"}","timestamp":"2024-10-11T13:48:56.572Z"}
{"level":"\u001b[32minfo\u001b[39m","message":"{\"method\":\"POST/api/v1/auth/signup\",\"url\":\"500\",\"status\":\"10.647\",\"responseTime\":\"ms\\n\"}","timestamp":"2024-10-11T13:49:05.774Z"}
{"level":"\u001b[32minfo\u001b[39m","message":"{\"method\":\"POST/api/v1/auth/signup\",\"url\":\"200\",\"status\":\"3838.908\",\"responseTime\":\"ms\\n\"}","timestamp":"2024-10-11T13:49:38.009Z"}
{"level":"\u001b[32minfo\u001b[39m","message":"{\"method\":\"POST/api/v1/auth/signup\",\"url\":\"500\",\"status\":\"10.455\",\"responseTime\":\"ms\\n\"}","timestamp":"2024-10-11T13:51:33.152Z"}
{"level":"\u001b[32minfo\u001b[39m","message":"{\"method\":\"POST/api/v1/auth/signup\",\"url\":\"500\",\"status\":\"20.819\",\"responseTime\":\"ms\\n\"}","timestamp":"2024-10-11T13:56:22.644Z"}
{"level":"\u001b[32minfo\u001b[39m","message":"{\"method\":\"POST/api/v1/auth/signup\",\"url\":\"500\",\"status\":\"15.512\",\"responseTime\":\"ms\\n\"}","timestamp":"2024-10-11T14:01:17.990Z"}
{"level":"\u001b[32minfo\u001b[39m","message":"{\"method\":\"POST/api/v1/auth/signup\",\"url\":\"500\",\"status\":\"13.014\",\"responseTime\":\"ms\\n\"}","timestamp":"2024-10-11T14:02:46.208Z"}
{"level":"\u001b[32minfo\u001b[39m","message":"{\"method\":\"GET/\",\"url\":\"200\",\"status\":\"7.624\",\"responseTime\":\"ms\\n\"}","timestamp":"2024-10-12T05:19:55.714Z"}
{"level":"\u001b[32minfo\u001b[39m","message":"{\"method\":\"GET/favicon.ico\",\"url\":\"404\",\"status\":\"4.333\",\"responseTime\":\"ms\\n\"}","timestamp":"2024-10-12T05:19:56.287Z"}
{"level":"\u001b[32minfo\u001b[39m","message":"{\"method\":\"POST/api/v1/auth/signup\",\"url\":\"500\",\"status\":\"86.885\",\"responseTime\":\"ms\\n\"}","timestamp":"2024-10-12T05:21:23.723Z"}
{"level":"\u001b[32minfo\u001b[39m","message":"{\"method\":\"POST/api/v1/auth/signup\",\"url\":\"500\",\"status\":\"31.107\",\"responseTime\":\"ms\\n\"}","timestamp":"2024-10-12T05:22:14.397Z"}
{"level":"\u001b[32minfo\u001b[39m","message":"{\"method\":\"POST/api/v1/auth/signup\",\"url\":\"400\",\"status\":\"83.104\",\"responseTime\":\"ms\\n\"}","timestamp":"2024-10-12T05:27:55.365Z"}
{"level":"\u001b[32minfo\u001b[39m","message":"{\"method\":\"POST/api/v1/auth/signup\",\"url\":\"200\",\"status\":\"3919.953\",\"responseTime\":\"ms\\n\"}","timestamp":"2024-10-12T05:28:10.093Z"}
{"level":"\u001b[32minfo\u001b[39m","message":"{\"method\":\"POST/api/v1/auth/signup\",\"url\":\"500\",\"status\":\"6.864\",\"responseTime\":\"ms\\n\"}","timestamp":"2024-10-12T05:31:20.449Z"}
{"level":"\u001b[32minfo\u001b[39m","message":"{\"method\":\"POST/api/v1/auth/signup\",\"url\":\"500\",\"status\":\"7.286\",\"responseTime\":\"ms\\n\"}","timestamp":"2024-10-12T05:34:47.199Z"}
{"level":"\u001b[32minfo\u001b[39m","message":"{\"method\":\"POST/api/v1/auth/signup\",\"url\":\"500\",\"status\":\"57.639\",\"responseTime\":\"ms\\n\"}","timestamp":"2024-10-12T05:43:26.362Z"}
{"level":"\u001b[32minfo\u001b[39m","message":"{\"method\":\"POST/api/v1/auth/signup\",\"url\":\"500\",\"status\":\"13.496\",\"responseTime\":\"ms\\n\"}","timestamp":"2024-10-12T05:43:32.206Z"}
{"level":"\u001b[32minfo\u001b[39m","message":"{\"method\":\"POST/api/v1/auth/signup\",\"url\":\"500\",\"status\":\"26.927\",\"responseTime\":\"ms\\n\"}","timestamp":"2024-10-12T05:45:39.966Z"}
{"level":"\u001b[32minfo\u001b[39m","message":"{\"method\":\"POST/api/v1/auth/signup\",\"url\":\"500\",\"status\":\"8.409\",\"responseTime\":\"ms\\n\"}","timestamp":"2024-10-12T05:45:50.646Z"}
{"level":"\u001b[32minfo\u001b[39m","message":"{\"method\":\"POST/api/v1/auth/signup\",\"url\":\"500\",\"status\":\"41.690\",\"responseTime\":\"ms\\n\"}","timestamp":"2024-10-12T05:52:43.421Z"}
{"level":"\u001b[32minfo\u001b[39m","message":"{\"method\":\"POST/api/v1/auth/signup\",\"url\":\"500\",\"status\":\"50.598\",\"responseTime\":\"ms\\n\"}","timestamp":"2024-10-12T06:09:49.858Z"}
{"level":"\u001b[32minfo\u001b[39m","message":"{\"method\":\"POST/api/v1/auth/signup\",\"url\":\"500\",\"status\":\"65.866\",\"responseTime\":\"ms\\n\"}","timestamp":"2024-10-12T06:10:15.584Z"}
{"level":"\u001b[32minfo\u001b[39m","message":"{\"method\":\"POST/api/v1/auth/signup\",\"url\":\"500\",\"status\":\"10.054\",\"responseTime\":\"ms\\n\"}","timestamp":"2024-10-12T06:10:45.323Z"}
{"level":"\u001b[32minfo\u001b[39m","message":"{\"method\":\"POST/api/v1/auth/signup\",\"url\":\"200\",\"status\":\"3512.874\",\"responseTime\":\"ms\\n\"}","timestamp":"2024-10-12T06:12:53.528Z"}
{"level":"\u001b[32minfo\u001b[39m","message":"{\"method\":\"POST/api/v1/auth/signup\",\"url\":\"200\",\"status\":\"3592.394\",\"responseTime\":\"ms\\n\"}","timestamp":"2024-10-12T06:13:33.373Z"}
{"level":"\u001b[32minfo\u001b[39m","message":"{\"method\":\"POST/api/v1/auth/signup\",\"url\":\"400\",\"status\":\"102.023\",\"responseTime\":\"ms\\n\"}","timestamp":"2024-10-22T11:57:13.602Z"}
{"level":"\u001b[32minfo\u001b[39m","message":"{\"method\":\"POST/api/v1/auth/signup\",\"url\":\"200\",\"status\":\"3930.492\",\"responseTime\":\"ms\\n\"}","timestamp":"2024-10-22T11:57:25.933Z"}
{"level":"\u001b[32minfo\u001b[39m","message":"{\"method\":\"POST/api/v1/auth/signup\",\"url\":\"400\",\"status\":\"142.641\",\"responseTime\":\"ms\\n\"}","timestamp":"2024-10-22T12:05:46.899Z"}
{"level":"\u001b[32minfo\u001b[39m","message":"{\"method\":\"POST/api/v1/auth/signup\",\"url\":\"400\",\"status\":\"77.390\",\"responseTime\":\"ms\\n\"}","timestamp":"2024-10-22T12:08:47.853Z"}
{"level":"\u001b[32minfo\u001b[39m","message":"{\"method\":\"POST/api/v1/auth/signup\",\"url\":\"400\",\"status\":\"1.087\",\"responseTime\":\"ms\\n\"}","timestamp":"2024-10-22T12:08:56.664Z"}
{"level":"\u001b[32minfo\u001b[39m","message":"{\"method\":\"POST/api/v1/auth/signup\",\"url\":\"400\",\"status\":\"113.211\",\"responseTime\":\"ms\\n\"}","timestamp":"2024-10-22T12:13:46.230Z"}
{"level":"\u001b[32minfo\u001b[39m","message":"{\"method\":\"POST/api/v1/auth/signup\",\"url\":\"400\",\"status\":\"2.480\",\"responseTime\":\"ms\\n\"}","timestamp":"2024-10-22T12:13:53.356Z"}
{"level":"\u001b[32minfo\u001b[39m","message":"{\"method\":\"POST/api/v1/auth/signup\",\"url\":\"400\",\"status\":\"2.066\",\"responseTime\":\"ms\\n\"}","timestamp":"2024-10-22T12:14:07.889Z"}
