{"level":"\u001b[32minfo\u001b[39m","message":"{\"method\":\"POST/api/v1/auth/signup\",\"url\":\"400\",\"status\":\"3.389\",\"responseTime\":\"ms\\n\"}","timestamp":"2024-11-17T15:31:54.226Z"}
{"level":"\u001b[32minfo\u001b[39m","message":"{\"method\":\"GET/\",\"url\":\"200\",\"status\":\"3.105\",\"responseTime\":\"ms\\n\"}","timestamp":"2024-11-17T15:31:58.518Z"}
{"level":"\u001b[32minfo\u001b[39m","message":"{\"method\":\"POST/api/v1/auth/signup\",\"url\":\"400\",\"status\":\"1.358\",\"responseTime\":\"ms\\n\"}","timestamp":"2024-11-17T15:32:01.558Z"}
{"level":"\u001b[32minfo\u001b[39m","message":"{\"method\":\"POST/api/v1/auth/signup\",\"url\":\"400\",\"status\":\"0.599\",\"responseTime\":\"ms\\n\"}","timestamp":"2024-11-17T15:32:36.138Z"}
{"level":"\u001b[32minfo\u001b[39m","message":"{\"method\":\"POST/api/v1/auth/signup\",\"url\":\"500\",\"status\":\"108.479\",\"responseTime\":\"ms\\n\"}","timestamp":"2024-11-17T15:33:01.760Z"}
{"level":"\u001b[32minfo\u001b[39m","message":"{\"method\":\"POST/api/v1/auth/signup\",\"url\":\"500\",\"status\":\"116.399\",\"responseTime\":\"ms\\n\"}","timestamp":"2024-11-17T15:45:57.835Z"}
{"level":"\u001b[32minfo\u001b[39m","message":"{\"method\":\"POST/api/v1/auth/signup\",\"url\":\"400\",\"status\":\"3.269\",\"responseTime\":\"ms\\n\"}","timestamp":"2024-11-17T15:51:01.300Z"}
{"level":"\u001b[32minfo\u001b[39m","message":"{\"method\":\"GET/\",\"url\":\"200\",\"status\":\"3.998\",\"responseTime\":\"ms\\n\"}","timestamp":"2024-11-17T15:52:16.238Z"}
{"level":"\u001b[32minfo\u001b[39m","message":"{\"method\":\"POST/api/v1/auth/signup\",\"url\":\"400\",\"status\":\"3.474\",\"responseTime\":\"ms\\n\"}","timestamp":"2024-11-17T15:52:19.965Z"}
{"level":"\u001b[32minfo\u001b[39m","message":"{\"method\":\"GET/\",\"url\":\"200\",\"status\":\"4.085\",\"responseTime\":\"ms\\n\"}","timestamp":"2024-11-17T15:57:52.235Z"}
{"level":"\u001b[32minfo\u001b[39m","message":"{\"method\":\"POST/api/v1/auth/signup\",\"url\":\"500\",\"status\":\"91.847\",\"responseTime\":\"ms\\n\"}","timestamp":"2024-11-17T16:13:11.077Z"}
{"level":"\u001b[32minfo\u001b[39m","message":"{\"method\":\"POST/api/v1/auth/signup\",\"url\":\"200\",\"status\":\"93.046\",\"responseTime\":\"ms\\n\"}","timestamp":"2024-11-17T16:18:51.159Z"}
{"level":"\u001b[32minfo\u001b[39m","message":"{\"method\":\"POST/api/v1/auth/signin\",\"url\":\"400\",\"status\":\"84.843\",\"responseTime\":\"ms\\n\"}","timestamp":"2024-11-17T16:19:30.287Z"}
{"level":"\u001b[32minfo\u001b[39m","message":"{\"method\":\"POST/api/v1/auth/signin\",\"url\":\"400\",\"status\":\"76.557\",\"responseTime\":\"ms\\n\"}","timestamp":"2024-11-17T16:19:45.604Z"}
{"level":"\u001b[32minfo\u001b[39m","message":"{\"method\":\"POST/api/v1/auth/signup\",\"url\":\"400\",\"status\":\"1.663\",\"responseTime\":\"ms\\n\"}","timestamp":"2024-11-17T16:19:48.776Z"}
{"level":"\u001b[32minfo\u001b[39m","message":"{\"method\":\"POST/api/v1/auth/signin\",\"url\":\"200\",\"status\":\"86.760\",\"responseTime\":\"ms\\n\"}","timestamp":"2024-11-17T16:20:04.472Z"}
{"level":"\u001b[32minfo\u001b[39m","message":"{\"method\":\"GET/api/v1/signout\",\"url\":\"404\",\"status\":\"1.466\",\"responseTime\":\"ms\\n\"}","timestamp":"2024-11-17T16:20:25.612Z"}
{"level":"\u001b[32minfo\u001b[39m","message":"{\"method\":\"GET/api/v1/auth/signout\",\"url\":\"200\",\"status\":\"36.150\",\"responseTime\":\"ms\\n\"}","timestamp":"2024-11-17T16:20:34.179Z"}
{"level":"\u001b[32minfo\u001b[39m","message":"{\"method\":\"POST/api/v1/auth/signin\",\"url\":\"200\",\"status\":\"92.814\",\"responseTime\":\"ms\\n\"}","timestamp":"2024-11-17T16:20:37.424Z"}
{"level":"\u001b[32minfo\u001b[39m","message":"{\"method\":\"GET/api/v1/auth/signout\",\"url\":\"403\",\"status\":\"5.120\",\"responseTime\":\"ms\\n\"}","timestamp":"2024-11-17T16:21:21.996Z"}
{"level":"\u001b[32minfo\u001b[39m","message":"{\"method\":\"POST/api/v1/auth/signin\",\"url\":\"200\",\"status\":\"88.408\",\"responseTime\":\"ms\\n\"}","timestamp":"2024-11-17T16:21:35.567Z"}
{"level":"\u001b[32minfo\u001b[39m","message":"{\"method\":\"POST/api/v1/auth/signin\",\"url\":\"200\",\"status\":\"137.172\",\"responseTime\":\"ms\\n\"}","timestamp":"2024-11-17T16:22:47.177Z"}
{"level":"\u001b[32minfo\u001b[39m","message":"{\"method\":\"GET/api/v1/auth/signout\",\"url\":\"200\",\"status\":\"32.778\",\"responseTime\":\"ms\\n\"}","timestamp":"2024-11-17T16:22:59.849Z"}
{"level":"\u001b[32minfo\u001b[39m","message":"{\"method\":\"GET/api/v1/products1\",\"url\":\"404\",\"status\":\"1.495\",\"responseTime\":\"ms\\n\"}","timestamp":"2024-11-17T16:23:21.768Z"}
{"level":"\u001b[32minfo\u001b[39m","message":"{\"method\":\"GET/api/v1/products\",\"url\":\"500\",\"status\":\"2.956\",\"responseTime\":\"ms\\n\"}","timestamp":"2024-11-17T16:23:31.962Z"}
{"level":"\u001b[32minfo\u001b[39m","message":"{\"method\":\"GET/api/v1/products\",\"url\":\"403\",\"status\":\"12.312\",\"responseTime\":\"ms\\n\"}","timestamp":"2024-11-17T16:23:41.619Z"}
{"level":"\u001b[32minfo\u001b[39m","message":"{\"method\":\"GET/api/v1/products\",\"url\":\"403\",\"status\":\"5.117\",\"responseTime\":\"ms\\n\"}","timestamp":"2024-11-17T16:24:12.600Z"}
{"level":"\u001b[32minfo\u001b[39m","message":"{\"method\":\"POST/api/v1/auth/signin\",\"url\":\"200\",\"status\":\"90.340\",\"responseTime\":\"ms\\n\"}","timestamp":"2024-11-17T16:24:22.105Z"}
{"level":"\u001b[32minfo\u001b[39m","message":"{\"method\":\"GET/api/v1/products\",\"url\":\"200\",\"status\":\"11.478\",\"responseTime\":\"ms\\n\"}","timestamp":"2024-11-17T16:24:55.765Z"}
{"level":"\u001b[32minfo\u001b[39m","message":"{\"method\":\"GET/api/v1/notfound\",\"url\":\"404\",\"status\":\"0.651\",\"responseTime\":\"ms\\n\"}","timestamp":"2024-11-17T16:25:16.102Z"}
{"level":"\u001b[32minfo\u001b[39m","message":"{\"method\":\"POST/api/v1/auth/signup\",\"url\":\"400\",\"status\":\"11.924\",\"responseTime\":\"ms\\n\"}","timestamp":"2024-11-17T17:08:53.670Z"}
{"level":"\u001b[32minfo\u001b[39m","message":"{\"method\":\"POST/api/v1/auth/signin\",\"url\":\"200\",\"status\":\"132.337\",\"responseTime\":\"ms\\n\"}","timestamp":"2024-11-17T17:08:59.518Z"}
{"level":"\u001b[32minfo\u001b[39m","message":"{\"method\":\"GET/api/v1/products\",\"url\":\"200\",\"status\":\"19.543\",\"responseTime\":\"ms\\n\"}","timestamp":"2024-11-17T17:09:16.676Z"}
{"level":"\u001b[32minfo\u001b[39m","message":"{\"method\":\"GET/api/v1/products\",\"url\":\"200\",\"status\":\"32.411\",\"responseTime\":\"ms\\n\"}","timestamp":"2024-11-17T17:10:05.604Z"}
{"level":"\u001b[32minfo\u001b[39m","message":"{\"method\":\"GET/api/v1/users\",\"url\":\"200\",\"status\":\"11.458\",\"responseTime\":\"ms\\n\"}","timestamp":"2024-11-17T17:10:12.617Z"}
{"level":"\u001b[32minfo\u001b[39m","message":"{\"method\":\"PUT/api/v1/users/07624125-1395-4080-a6e5-b2ea34a62985\",\"url\":\"401\",\"status\":\"13.079\",\"responseTime\":\"ms\\n\"}","timestamp":"2024-11-17T17:15:43.318Z"}
{"level":"\u001b[32minfo\u001b[39m","message":"{\"method\":\"PUT/api/v1/users/07624125-1395-4080-a6e5-b2ea34a62985\",\"url\":\"500\",\"status\":\"24.642\",\"responseTime\":\"ms\\n\"}","timestamp":"2024-11-17T17:15:57.385Z"}
{"level":"\u001b[32minfo\u001b[39m","message":"{\"method\":\"PUT/api/v1/users/07624125-1395-4080-a6e5-b2ea34a62985\",\"url\":\"500\",\"status\":\"32.779\",\"responseTime\":\"ms\\n\"}","timestamp":"2024-11-17T17:19:43.359Z"}
{"level":"\u001b[32minfo\u001b[39m","message":"{\"method\":\"PUT/api/v1/users/07624125-1395-4080-a6e5-b2ea34a62985\",\"url\":\"500\",\"status\":\"30.474\",\"responseTime\":\"ms\\n\"}","timestamp":"2024-11-17T17:19:52.469Z"}
{"level":"\u001b[32minfo\u001b[39m","message":"{\"method\":\"PUT/api/v1/users/07624125-1395-4080-a6e5-b2ea34a62985\",\"url\":\"201\",\"status\":\"24.226\",\"responseTime\":\"ms\\n\"}","timestamp":"2024-11-17T17:20:19.706Z"}
{"level":"\u001b[32minfo\u001b[39m","message":"{\"method\":\"PUT/api/v1/users/07624125-1395-4080-a6e5-b2ea34a62985\",\"url\":\"201\",\"status\":\"15.139\",\"responseTime\":\"ms\\n\"}","timestamp":"2024-11-17T17:21:56.123Z"}
{"level":"\u001b[32minfo\u001b[39m","message":"{\"method\":\"DELETE/api/v1/users/07624125-1395-4080-a6e5-b2ea34a62985\",\"url\":\"401\",\"status\":\"1.805\",\"responseTime\":\"ms\\n\"}","timestamp":"2024-11-17T17:23:11.373Z"}
{"level":"\u001b[32minfo\u001b[39m","message":"{\"method\":\"DELETE/api/v1/users/07624125-1395-4080-a6e5-b2ea34a62985\",\"url\":\"500\",\"status\":\"9.809\",\"responseTime\":\"ms\\n\"}","timestamp":"2024-11-17T17:23:19.791Z"}
{"level":"\u001b[32minfo\u001b[39m","message":"{\"method\":\"DELETE/api/v1/users/07624125-1395-4080-a6e5-b2ea34a62985\",\"url\":\"201\",\"status\":\"51.182\",\"responseTime\":\"ms\\n\"}","timestamp":"2024-11-17T17:24:34.089Z"}
{"level":"\u001b[32minfo\u001b[39m","message":"{\"method\":\"GET/api/v1/users\",\"url\":\"401\",\"status\":\"12.085\",\"responseTime\":\"ms\\n\"}","timestamp":"2024-11-17T17:25:08.933Z"}
{"level":"\u001b[32minfo\u001b[39m","message":"{\"method\":\"GET/api/v1/users\",\"url\":\"200\",\"status\":\"20.535\",\"responseTime\":\"ms\\n\"}","timestamp":"2024-11-17T17:26:23.286Z"}
{"level":"\u001b[32minfo\u001b[39m","message":"{\"method\":\"GET/api/v1/users?page=1&limit=5\",\"url\":\"200\",\"status\":\"15.642\",\"responseTime\":\"ms\\n\"}","timestamp":"2024-11-17T17:26:46.683Z"}
{"level":"\u001b[32minfo\u001b[39m","message":"{\"method\":\"GET/api/v1/users?page=2&limit=5\",\"url\":\"200\",\"status\":\"7.779\",\"responseTime\":\"ms\\n\"}","timestamp":"2024-11-17T17:27:13.736Z"}
{"level":"\u001b[32minfo\u001b[39m","message":"{\"method\":\"GET/api/v1/users?page=1&limit=5\",\"url\":\"200\",\"status\":\"13.485\",\"responseTime\":\"ms\\n\"}","timestamp":"2024-11-17T17:27:39.004Z"}
{"level":"\u001b[32minfo\u001b[39m","message":"{\"method\":\"GET/api/v1/products?page=100&limit=5\",\"url\":\"200\",\"status\":\"15.018\",\"responseTime\":\"ms\\n\"}","timestamp":"2024-11-17T17:28:40.263Z"}
{"level":"\u001b[32minfo\u001b[39m","message":"{\"method\":\"GET/api/v1/users?page=100&limit=5\",\"url\":\"200\",\"status\":\"8.059\",\"responseTime\":\"ms\\n\"}","timestamp":"2024-11-17T17:29:07.923Z"}
{"level":"\u001b[32minfo\u001b[39m","message":"{\"method\":\"GET/api/v1/users?page=1&limit=50\",\"url\":\"401\",\"status\":\"1.882\",\"responseTime\":\"ms\\n\"}","timestamp":"2024-11-17T17:29:19.382Z"}
{"level":"\u001b[32minfo\u001b[39m","message":"{\"method\":\"GET/api/v1/users?page=1&limit=50\",\"url\":\"200\",\"status\":\"11.237\",\"responseTime\":\"ms\\n\"}","timestamp":"2024-11-17T17:29:26.940Z"}
{"level":"\u001b[32minfo\u001b[39m","message":"{\"method\":\"GET/api/v1/products?page=1&limit=200\",\"url\":\"401\",\"status\":\"3.687\",\"responseTime\":\"ms\\n\"}","timestamp":"2024-11-17T17:30:18.028Z"}
{"level":"\u001b[32minfo\u001b[39m","message":"{\"method\":\"GET/api/v1/products?page=1&limit=200\",\"url\":\"200\",\"status\":\"8.468\",\"responseTime\":\"ms\\n\"}","timestamp":"2024-11-17T17:30:27.610Z"}
{"level":"\u001b[32minfo\u001b[39m","message":"{\"method\":\"GET/api/v1/users?page=1&limit=10&search=phone\",\"url\":\"401\",\"status\":\"2.147\",\"responseTime\":\"ms\\n\"}","timestamp":"2024-11-17T17:31:53.611Z"}
{"level":"\u001b[32minfo\u001b[39m","message":"{\"method\":\"GET/api/v1/users?page=1&limit=10&search=phone\",\"url\":\"500\",\"status\":\"30.147\",\"responseTime\":\"ms\\n\"}","timestamp":"2024-11-17T17:32:00.609Z"}
{"level":"\u001b[32minfo\u001b[39m","message":"{\"method\":\"GET/api/v1/users?page=1&limit=10&search=email\",\"url\":\"500\",\"status\":\"14.653\",\"responseTime\":\"ms\\n\"}","timestamp":"2024-11-17T17:33:04.405Z"}
{"level":"\u001b[32minfo\u001b[39m","message":"{\"method\":\"GET/api/v1/users?page=1&limit=10&search=email\",\"url\":\"500\",\"status\":\"40.723\",\"responseTime\":\"ms\\n\"}","timestamp":"2024-11-17T17:38:53.151Z"}
{"level":"\u001b[32minfo\u001b[39m","message":"{\"method\":\"GET/api/v1/users?page=1&limit=10&search=firstName\",\"url\":\"500\",\"status\":\"42.250\",\"responseTime\":\"ms\\n\"}","timestamp":"2024-11-17T17:39:47.426Z"}
{"level":"\u001b[32minfo\u001b[39m","message":"{\"method\":\"GET/api/v1/users?page=1&limit=10&search?firstName=Pravee\",\"url\":\"200\",\"status\":\"15.774\",\"responseTime\":\"ms\\n\"}","timestamp":"2024-11-17T17:40:23.477Z"}
{"level":"\u001b[32minfo\u001b[39m","message":"{\"method\":\"GET/api/v1/users?page=1&limit=10&search?fd=Pravee\",\"url\":\"200\",\"status\":\"15.418\",\"responseTime\":\"ms\\n\"}","timestamp":"2024-11-17T17:41:04.827Z"}
{"level":"\u001b[32minfo\u001b[39m","message":"{\"method\":\"GET/api/v1/users?page=1&limit=10&search=Pravee\",\"url\":\"500\",\"status\":\"15.367\",\"responseTime\":\"ms\\n\"}","timestamp":"2024-11-17T17:41:12.970Z"}
{"level":"\u001b[32minfo\u001b[39m","message":"{\"method\":\"GET/api/v1/users?page=1&limit=10&search=email,%20firstName,%20lastName\",\"url\":\"500\",\"status\":\"13.016\",\"responseTime\":\"ms\\n\"}","timestamp":"2024-11-17T17:41:34.841Z"}
{"level":"\u001b[32minfo\u001b[39m","message":"{\"method\":\"GET/api/v1/products?page=1&limit=10&search=price\",\"url\":\"500\",\"status\":\"12.038\",\"responseTime\":\"ms\\n\"}","timestamp":"2024-11-17T17:42:01.768Z"}
{"level":"\u001b[32minfo\u001b[39m","message":"{\"method\":\"GET/api/v1/users?page=1&limit=10&search=price\",\"url\":\"500\",\"status\":\"54.618\",\"responseTime\":\"ms\\n\"}","timestamp":"2024-11-17T17:42:53.327Z"}
{"level":"\u001b[32minfo\u001b[39m","message":"{\"method\":\"GET/api/v1/users?page=1&limit=10&search=email\",\"url\":\"500\",\"status\":\"17.284\",\"responseTime\":\"ms\\n\"}","timestamp":"2024-11-17T17:43:03.782Z"}
{"level":"\u001b[32minfo\u001b[39m","message":"{\"method\":\"GET/api/v1/users?page=1&limit=10&search=email\",\"url\":\"500\",\"status\":\"27.118\",\"responseTime\":\"ms\\n\"}","timestamp":"2024-11-17T17:43:04.850Z"}
{"level":"\u001b[32minfo\u001b[39m","message":"{\"method\":\"GET/api/v1/users?page=1&limit=10&sort=createdAt:desc\",\"url\":\"401\",\"status\":\"6.172\",\"responseTime\":\"ms\\n\"}","timestamp":"2024-11-17T17:43:53.150Z"}
{"level":"\u001b[32minfo\u001b[39m","message":"{\"method\":\"GET/api/v1/users?page=1&limit=10&sort=createdAt:desc\",\"url\":\"200\",\"status\":\"35.423\",\"responseTime\":\"ms\\n\"}","timestamp":"2024-11-17T17:44:00.195Z"}
{"level":"\u001b[32minfo\u001b[39m","message":"{\"method\":\"GET/api/v1/users?page=1&limit=10&search=Praveen&sort=price:asc\",\"url\":\"401\",\"status\":\"1.554\",\"responseTime\":\"ms\\n\"}","timestamp":"2024-11-17T17:44:51.470Z"}
{"level":"\u001b[32minfo\u001b[39m","message":"{\"method\":\"GET/api/v1/users?page=1&limit=10&search=Praveen&sort=price:asc\",\"url\":\"500\",\"status\":\"43.918\",\"responseTime\":\"ms\\n\"}","timestamp":"2024-11-17T17:44:57.853Z"}
{"level":"\u001b[32minfo\u001b[39m","message":"{\"method\":\"POST/api/v1/auth/signup\",\"url\":\"400\",\"status\":\"12.437\",\"responseTime\":\"ms\\n\"}","timestamp":"2024-11-17T17:54:16.788Z"}
{"level":"\u001b[32minfo\u001b[39m","message":"{\"method\":\"POST/api/v1/auth/signup\",\"url\":\"200\",\"status\":\"98.579\",\"responseTime\":\"ms\\n\"}","timestamp":"2024-11-17T17:54:34.609Z"}
{"level":"\u001b[32minfo\u001b[39m","message":"{\"method\":\"POST/api/v1/auth/signin\",\"url\":\"200\",\"status\":\"94.374\",\"responseTime\":\"ms\\n\"}","timestamp":"2024-11-17T17:54:42.233Z"}
{"level":"\u001b[32minfo\u001b[39m","message":"{\"method\":\"GET/api/v1/users\",\"url\":\"403\",\"status\":\"18.789\",\"responseTime\":\"ms\\n\"}","timestamp":"2024-11-17T17:55:01.397Z"}
{"level":"\u001b[32minfo\u001b[39m","message":"{\"method\":\"GET/\",\"url\":\"200\",\"status\":\"3.051\",\"responseTime\":\"ms\\n\"}","timestamp":"2024-11-17T17:59:08.973Z"}
{"level":"\u001b[32minfo\u001b[39m","message":"{\"method\":\"GET/api/v1/notfound\",\"url\":\"404\",\"status\":\"0.712\",\"responseTime\":\"ms\\n\"}","timestamp":"2024-11-17T17:59:33.204Z"}
{"level":"\u001b[32minfo\u001b[39m","message":"{\"method\":\"GET/\",\"url\":\"200\",\"status\":\"5.913\",\"responseTime\":\"ms\\n\"}","timestamp":"2024-11-17T18:13:22.421Z"}
{"level":"\u001b[32minfo\u001b[39m","message":"{\"method\":\"GET/api/v1/notfound\",\"url\":\"404\",\"status\":\"1.769\",\"responseTime\":\"ms\\n\"}","timestamp":"2024-11-17T18:13:26.790Z"}
{"level":"\u001b[32minfo\u001b[39m","message":"{\"method\":\"POST/api/v1/auth/signup\",\"url\":\"400\",\"status\":\"9.204\",\"responseTime\":\"ms\\n\"}","timestamp":"2024-11-17T18:13:34.645Z"}
{"level":"\u001b[32minfo\u001b[39m","message":"{\"method\":\"POST/api/v1/auth/signin\",\"url\":\"200\",\"status\":\"88.871\",\"responseTime\":\"ms\\n\"}","timestamp":"2024-11-17T18:13:38.099Z"}
{"level":"\u001b[32minfo\u001b[39m","message":"{\"method\":\"GET/api/v1/auth/signout\",\"url\":\"403\",\"status\":\"5.735\",\"responseTime\":\"ms\\n\"}","timestamp":"2024-11-17T18:13:47.003Z"}
{"level":"\u001b[32minfo\u001b[39m","message":"{\"method\":\"POST/api/v1/auth/signin\",\"url\":\"200\",\"status\":\"60.469\",\"responseTime\":\"ms\\n\"}","timestamp":"2024-11-17T18:13:51.266Z"}
{"level":"\u001b[32minfo\u001b[39m","message":"{\"method\":\"GET/api/v1/auth/signout\",\"url\":\"200\",\"status\":\"15.223\",\"responseTime\":\"ms\\n\"}","timestamp":"2024-11-17T18:14:06.689Z"}
{"level":"\u001b[32minfo\u001b[39m","message":"{\"method\":\"GET/api/v1/users\",\"url\":\"403\",\"status\":\"60.364\",\"responseTime\":\"ms\\n\"}","timestamp":"2024-11-17T19:27:14.266Z"}
{"level":"\u001b[32minfo\u001b[39m","message":"{\"method\":\"POST/api/v1/auth/signup\",\"url\":\"200\",\"status\":\"88.817\",\"responseTime\":\"ms\\n\"}","timestamp":"2024-11-17T19:27:58.532Z"}
{"level":"\u001b[32minfo\u001b[39m","message":"{\"method\":\"POST/api/v1/auth/signin\",\"url\":\"200\",\"status\":\"134.117\",\"responseTime\":\"ms\\n\"}","timestamp":"2024-11-17T19:28:06.418Z"}
{"level":"\u001b[32minfo\u001b[39m","message":"{\"method\":\"GET/api/v1/users\",\"url\":\"200\",\"status\":\"15.507\",\"responseTime\":\"ms\\n\"}","timestamp":"2024-11-17T19:28:25.526Z"}
{"level":"\u001b[32minfo\u001b[39m","message":"{\"method\":\"GET/api/v1/users/07624125-1395-4080-a6e5-b2ea34a62985\",\"url\":\"201\",\"status\":\"20.180\",\"responseTime\":\"ms\\n\"}","timestamp":"2024-11-17T19:30:31.923Z"}
{"level":"\u001b[32minfo\u001b[39m","message":"{\"method\":\"GET/api/v1/users/07624125-1395-4080-a6e5-b2ea34a62985\",\"url\":\"500\",\"status\":\"21.307\",\"responseTime\":\"ms\\n\"}","timestamp":"2024-11-17T19:32:20.416Z"}
{"level":"\u001b[32minfo\u001b[39m","message":"{\"method\":\"GET/\",\"url\":\"200\",\"status\":\"4.344\",\"responseTime\":\"ms\\n\"}","timestamp":"2024-11-18T03:16:39.584Z"}
{"level":"\u001b[32minfo\u001b[39m","message":"{\"method\":\"GET/api/v1/notfound\",\"url\":\"404\",\"status\":\"2.128\",\"responseTime\":\"ms\\n\"}","timestamp":"2024-11-18T03:16:42.781Z"}
{"level":"\u001b[32minfo\u001b[39m","message":"{\"method\":\"POST/api/v1/auth/signup\",\"url\":\"200\",\"status\":\"89.115\",\"responseTime\":\"ms\\n\"}","timestamp":"2024-11-18T03:17:32.461Z"}
{"level":"\u001b[32minfo\u001b[39m","message":"{\"method\":\"POST/api/v1/auth/signin\",\"url\":\"200\",\"status\":\"89.520\",\"responseTime\":\"ms\\n\"}","timestamp":"2024-11-18T03:17:41.389Z"}
{"level":"\u001b[32minfo\u001b[39m","message":"{\"method\":\"GET/api/v1/users\",\"url\":\"200\",\"status\":\"11.198\",\"responseTime\":\"ms\\n\"}","timestamp":"2024-11-18T03:18:08.785Z"}
{"level":"\u001b[32minfo\u001b[39m","message":"{\"method\":\"GET/api/v1/users/07624125-1395-4080-a6e5-b2ea34a62985\",\"url\":\"201\",\"status\":\"9.534\",\"responseTime\":\"ms\\n\"}","timestamp":"2024-11-18T03:18:34.530Z"}
{"level":"\u001b[32minfo\u001b[39m","message":"{\"method\":\"GET/api/v1/users/07624125-1395-4080-a6e5-b2ea34a62985\",\"url\":\"201\",\"status\":\"22.951\",\"responseTime\":\"ms\\n\"}","timestamp":"2024-11-18T03:22:50.322Z"}
{"level":"\u001b[32minfo\u001b[39m","message":"{\"method\":\"GET/api/v1/users/07624125-1395-4080-a6e5-b2ea34a62985\",\"url\":\"201\",\"status\":\"29.481\",\"responseTime\":\"ms\\n\"}","timestamp":"2024-11-18T03:25:38.752Z"}
{"level":"\u001b[32minfo\u001b[39m","message":"{\"method\":\"GET/api/v1/users/07624125-1395-4080-a6e5-b2ea34a62985\",\"url\":\"201\",\"status\":\"11.255\",\"responseTime\":\"ms\\n\"}","timestamp":"2024-11-18T03:25:57.542Z"}
{"level":"\u001b[32minfo\u001b[39m","message":"{\"method\":\"GET/api/v1/users\",\"url\":\"200\",\"status\":\"13.126\",\"responseTime\":\"ms\\n\"}","timestamp":"2024-11-18T03:25:59.794Z"}
{"level":"\u001b[32minfo\u001b[39m","message":"{\"method\":\"GET/api/v1/users/07624125-1395-4080-a6e5-b2ea34a62985\",\"url\":\"201\",\"status\":\"6.950\",\"responseTime\":\"ms\\n\"}","timestamp":"2024-11-18T03:26:19.993Z"}
{"level":"\u001b[32minfo\u001b[39m","message":"{\"method\":\"GET/api/v1/users/07624125-1395-4080-a6e5-b2ea34a62985\",\"url\":\"201\",\"status\":\"7.783\",\"responseTime\":\"ms\\n\"}","timestamp":"2024-11-18T03:26:27.743Z"}
{"level":"\u001b[32minfo\u001b[39m","message":"{\"method\":\"GET/api/v1/users/07624125-1395-4080-a6e5-b2ea34a62985\",\"url\":\"201\",\"status\":\"5.899\",\"responseTime\":\"ms\\n\"}","timestamp":"2024-11-18T03:26:33.305Z"}
{"level":"\u001b[32minfo\u001b[39m","message":"{\"method\":\"GET/api/v1/users/07624125-1395-4080-a6e5-b2ea34a62985\",\"url\":\"201\",\"status\":\"9.923\",\"responseTime\":\"ms\\n\"}","timestamp":"2024-11-18T03:26:34.206Z"}
{"level":"\u001b[32minfo\u001b[39m","message":"{\"method\":\"GET/api/v1/users/07624125-1395-4080-a6e5-b2ea34a62985\",\"url\":\"201\",\"status\":\"14.413\",\"responseTime\":\"ms\\n\"}","timestamp":"2024-11-18T03:26:34.771Z"}
{"level":"\u001b[32minfo\u001b[39m","message":"{\"method\":\"GET/api/v1/users/07624125-1395-4080-a6e5-b2ea34a62985\",\"url\":\"201\",\"status\":\"6.962\",\"responseTime\":\"ms\\n\"}","timestamp":"2024-11-18T03:26:39.561Z"}
{"level":"\u001b[32minfo\u001b[39m","message":"{\"method\":\"GET/api/v1/users\",\"url\":\"200\",\"status\":\"17.250\",\"responseTime\":\"ms\\n\"}","timestamp":"2024-11-18T03:28:01.066Z"}
{"level":"\u001b[32minfo\u001b[39m","message":"{\"method\":\"GET/api/v1/users\",\"url\":\"200\",\"status\":\"23.701\",\"responseTime\":\"ms\\n\"}","timestamp":"2024-11-18T03:32:04.817Z"}
{"level":"\u001b[32minfo\u001b[39m","message":"{\"method\":\"GET/api/v1/users/07624125-1395-4080-a6e5-b2ea34a62985\",\"url\":\"201\",\"status\":\"28.711\",\"responseTime\":\"ms\\n\"}","timestamp":"2024-11-18T03:34:23.825Z"}
{"level":"\u001b[32minfo\u001b[39m","message":"{\"method\":\"GET/api/v1/users\",\"url\":\"200\",\"status\":\"15.590\",\"responseTime\":\"ms\\n\"}","timestamp":"2024-11-18T03:50:49.483Z"}
{"level":"\u001b[32minfo\u001b[39m","message":"{\"method\":\"GET/api/v1/users/07624125-1395-4080-a6e5-b2ea34a62985\",\"url\":\"201\",\"status\":\"7.034\",\"responseTime\":\"ms\\n\"}","timestamp":"2024-11-18T03:51:05.267Z"}
{"level":"\u001b[32minfo\u001b[39m","message":"{\"method\":\"GET/api/v1/users/07624125-1395-4080-a6e5-b2ea34a62985\",\"url\":\"404\",\"status\":\"37.295\",\"responseTime\":\"ms\\n\"}","timestamp":"2024-11-18T04:12:56.934Z"}
{"level":"\u001b[32minfo\u001b[39m","message":"{\"method\":\"GET/api/v1/users\",\"url\":\"200\",\"status\":\"24.927\",\"responseTime\":\"ms\\n\"}","timestamp":"2024-11-18T04:13:04.310Z"}
{"level":"\u001b[32minfo\u001b[39m","message":"{\"method\":\"GET/api/v1/users/07624125-1395-4080-a6e5-b2ea34a62985\",\"url\":\"404\",\"status\":\"15.592\",\"responseTime\":\"ms\\n\"}","timestamp":"2024-11-18T04:13:19.881Z"}
{"level":"\u001b[32minfo\u001b[39m","message":"{\"method\":\"GET/\",\"url\":\"200\",\"status\":\"4.048\",\"responseTime\":\"ms\\n\"}","timestamp":"2024-11-18T04:17:55.688Z"}
{"level":"\u001b[32minfo\u001b[39m","message":"{\"method\":\"GET/api/v1/notfound\",\"url\":\"404\",\"status\":\"2.990\",\"responseTime\":\"ms\\n\"}","timestamp":"2024-11-18T04:17:57.066Z"}
{"level":"\u001b[32minfo\u001b[39m","message":"{\"method\":\"POST/api/v1/auth/signup\",\"url\":\"200\",\"status\":\"126.731\",\"responseTime\":\"ms\\n\"}","timestamp":"2024-11-18T04:18:58.590Z"}
{"level":"\u001b[32minfo\u001b[39m","message":"{\"method\":\"POST/api/v1/auth/signin\",\"url\":\"200\",\"status\":\"135.543\",\"responseTime\":\"ms\\n\"}","timestamp":"2024-11-18T04:19:19.259Z"}
{"level":"\u001b[32minfo\u001b[39m","message":"{\"method\":\"GET/api/v1/users\",\"url\":\"200\",\"status\":\"26.783\",\"responseTime\":\"ms\\n\"}","timestamp":"2024-11-18T04:19:42.347Z"}
{"level":"\u001b[32minfo\u001b[39m","message":"{\"method\":\"GET/api/v1/users/07624125-1395-4080-a6e5-b2ea34a62985\",\"url\":\"404\",\"status\":\"8.746\",\"responseTime\":\"ms\\n\"}","timestamp":"2024-11-18T04:20:02.088Z"}
{"level":"\u001b[32minfo\u001b[39m","message":"{\"method\":\"GET/api/v1/users/5eefb44b-aa87-46d4-a301-a24c55398b0b\",\"url\":\"201\",\"status\":\"13.982\",\"responseTime\":\"ms\\n\"}","timestamp":"2024-11-18T04:20:19.808Z"}
{"level":"\u001b[32minfo\u001b[39m","message":"{\"method\":\"GET/api/v1/users/07624125-1395-4080-a6e5-b2ea34a62985\",\"url\":\"404\",\"status\":\"9.120\",\"responseTime\":\"ms\\n\"}","timestamp":"2024-11-18T04:20:35.688Z"}
{"level":"\u001b[32minfo\u001b[39m","message":"{\"method\":\"GET/api/v1/users/07624125-1395-4080-a6e5-b2ea34a62985\",\"url\":\"404\",\"status\":\"12.603\",\"responseTime\":\"ms\\n\"}","timestamp":"2024-11-18T04:20:53.710Z"}
{"level":"\u001b[32minfo\u001b[39m","message":"{\"method\":\"GET/api/v1/users/07624125-1395-4080-a6e5-b2ea34a62985\",\"url\":\"404\",\"status\":\"20.262\",\"responseTime\":\"ms\\n\"}","timestamp":"2024-11-18T04:21:00.067Z"}
{"level":"\u001b[32minfo\u001b[39m","message":"{\"method\":\"GET/api/v1/users/07624125-1395-4080-a6e5-b2ea34a62985\",\"url\":\"404\",\"status\":\"17.860\",\"responseTime\":\"ms\\n\"}","timestamp":"2024-11-18T04:21:01.077Z"}
{"level":"\u001b[32minfo\u001b[39m","message":"{\"method\":\"GET/api/v1/users/07624125-1395-4080-a6e5-b2ea34a62985\",\"url\":\"404\",\"status\":\"14.760\",\"responseTime\":\"ms\\n\"}","timestamp":"2024-11-18T04:23:20.037Z"}
{"level":"\u001b[32minfo\u001b[39m","message":"{\"method\":\"GET/api/v1/users/07624125-1395-4080-a6e5-b2ea34a62985\",\"url\":\"404\",\"status\":\"7.070\",\"responseTime\":\"ms\\n\"}","timestamp":"2024-11-18T04:23:26.735Z"}
{"level":"\u001b[32minfo\u001b[39m","message":"{\"method\":\"GET/api/v1/users/07624125-1395-4080-a6e5-b2ea34a62985\",\"url\":\"404\",\"status\":\"7.223\",\"responseTime\":\"ms\\n\"}","timestamp":"2024-11-18T04:23:35.273Z"}
{"level":"\u001b[32minfo\u001b[39m","message":"{\"method\":\"GET/api/v1/users/5eefb44b-aa87-46d4-a301-a24c55398b0b\",\"url\":\"201\",\"status\":\"13.607\",\"responseTime\":\"ms\\n\"}","timestamp":"2024-11-18T04:23:53.542Z"}
{"level":"\u001b[32minfo\u001b[39m","message":"{\"method\":\"GET/api/v1/users/07624125-1395-4080-a6e5-b2ea34a62985\",\"url\":\"404\",\"status\":\"4.972\",\"responseTime\":\"ms\\n\"}","timestamp":"2024-11-18T04:24:18.019Z"}
{"level":"\u001b[32minfo\u001b[39m","message":"{\"method\":\"PUT/api/v1/users/07624125-1395-4080-a6e5-b2ea34a62985\",\"url\":\"404\",\"status\":\"58.012\",\"responseTime\":\"ms\\n\"}","timestamp":"2024-11-18T04:24:23.571Z"}
{"level":"\u001b[32minfo\u001b[39m","message":"{\"method\":\"GET/api/v1/users/07624125-1395-4080-a6e5-b2ea34a62985\",\"url\":\"404\",\"status\":\"6.194\",\"responseTime\":\"ms\\n\"}","timestamp":"2024-11-18T04:24:51.175Z"}
{"level":"\u001b[32minfo\u001b[39m","message":"{\"method\":\"GET/api/v1/users07624125-1395-4080-a6e5-b2ea34a62985\",\"url\":\"404\",\"status\":\"0.477\",\"responseTime\":\"ms\\n\"}","timestamp":"2024-11-18T04:25:11.203Z"}
{"level":"\u001b[32minfo\u001b[39m","message":"{\"method\":\"GET/api/v1/users/07624125-1395-4080-a6e5-b2ea34a62985\",\"url\":\"404\",\"status\":\"6.037\",\"responseTime\":\"ms\\n\"}","timestamp":"2024-11-18T04:25:16.091Z"}
{"level":"\u001b[32minfo\u001b[39m","message":"{\"method\":\"PUT/api/v1/users/07624125-1395-4080-a6e5-b2ea34a62985\",\"url\":\"404\",\"status\":\"11.275\",\"responseTime\":\"ms\\n\"}","timestamp":"2024-11-18T04:26:50.446Z"}
{"level":"\u001b[32minfo\u001b[39m","message":"{\"method\":\"PUT/api/v1/users/5eefb44b-aa87-46d4-a301-a24c55398b0b\",\"url\":\"201\",\"status\":\"12.079\",\"responseTime\":\"ms\\n\"}","timestamp":"2024-11-18T04:27:09.161Z"}
{"level":"\u001b[32minfo\u001b[39m","message":"{\"method\":\"PUT/api/v1/users/5eefb44b-aa87-46d4-a301-a24c55398b0\",\"url\":\"404\",\"status\":\"8.591\",\"responseTime\":\"ms\\n\"}","timestamp":"2024-11-18T04:27:17.257Z"}
{"level":"\u001b[32minfo\u001b[39m","message":"{\"method\":\"PUT/api/v1/users/5eefb44b-aa87-46d4-a301-a24c55398b0b\",\"url\":\"201\",\"status\":\"15.482\",\"responseTime\":\"ms\\n\"}","timestamp":"2024-11-18T04:27:51.038Z"}
{"level":"\u001b[32minfo\u001b[39m","message":"{\"method\":\"PUT/api/v1/users/07624125-1395-4080-a6e5-b2ea34a62985\",\"url\":\"404\",\"status\":\"10.983\",\"responseTime\":\"ms\\n\"}","timestamp":"2024-11-18T04:28:17.364Z"}
{"level":"\u001b[32minfo\u001b[39m","message":"{\"method\":\"PUT/api/v1/users/5eefb44b-aa87-46d4-a301-a24c55398b0b\",\"url\":\"201\",\"status\":\"20.860\",\"responseTime\":\"ms\\n\"}","timestamp":"2024-11-18T04:28:24.563Z"}
{"level":"\u001b[32minfo\u001b[39m","message":"{\"method\":\"GET/api/v1/users/5eefb44b-aa87-46d4-a301-a24c55398b0b\",\"url\":\"201\",\"status\":\"10.583\",\"responseTime\":\"ms\\n\"}","timestamp":"2024-11-18T04:28:51.856Z"}
{"level":"\u001b[32minfo\u001b[39m","message":"{\"method\":\"PUT/api/v1/users/5eefb44b-aa87-46d4-a301-a24c55398b0b\",\"url\":\"201\",\"status\":\"32.711\",\"responseTime\":\"ms\\n\"}","timestamp":"2024-11-18T04:28:56.973Z"}
{"level":"\u001b[32minfo\u001b[39m","message":"{\"method\":\"PUT/api/v1/users/07624125-1395-4080-a6e5-b2ea34a62985\",\"url\":\"404\",\"status\":\"16.527\",\"responseTime\":\"ms\\n\"}","timestamp":"2024-11-18T04:29:02.741Z"}
{"level":"\u001b[32minfo\u001b[39m","message":"{\"method\":\"PUT/api/v1/users/5eefb44b-aa87-46d4-a301-a24c55398b0b\",\"url\":\"201\",\"status\":\"13.392\",\"responseTime\":\"ms\\n\"}","timestamp":"2024-11-18T04:29:11.274Z"}
{"level":"\u001b[32minfo\u001b[39m","message":"{\"method\":\"DELETE/api/v1/users/%7B%7BuserId%7D%7D\",\"url\":\"404\",\"status\":\"15.029\",\"responseTime\":\"ms\\n\"}","timestamp":"2024-11-18T04:29:18.817Z"}
{"level":"\u001b[32minfo\u001b[39m","message":"{\"method\":\"DELETE/api/v1/users/5eefb44b-aa87-46d4-a301-a24c55398b0b\",\"url\":\"201\",\"status\":\"11.868\",\"responseTime\":\"ms\\n\"}","timestamp":"2024-11-18T04:29:23.761Z"}
{"level":"\u001b[32minfo\u001b[39m","message":"{\"method\":\"GET/api/v1/users\",\"url\":\"404\",\"status\":\"8.475\",\"responseTime\":\"ms\\n\"}","timestamp":"2024-11-18T04:29:30.484Z"}
{"level":"\u001b[32minfo\u001b[39m","message":"{\"method\":\"GET/api/v1/users\",\"url\":\"404\",\"status\":\"6.878\",\"responseTime\":\"ms\\n\"}","timestamp":"2024-11-18T04:29:40.606Z"}
{"level":"\u001b[32minfo\u001b[39m","message":"{\"method\":\"GET/api/v1/users/5eefb44b-aa87-46d4-a301-a24c55398b0b\",\"url\":\"404\",\"status\":\"5.976\",\"responseTime\":\"ms\\n\"}","timestamp":"2024-11-18T04:29:55.183Z"}
{"level":"\u001b[32minfo\u001b[39m","message":"{\"method\":\"POST/api/v1/auth/signup\",\"url\":\"400\",\"status\":\"2.460\",\"responseTime\":\"ms\\n\"}","timestamp":"2024-11-18T04:30:13.542Z"}
{"level":"\u001b[32minfo\u001b[39m","message":"{\"method\":\"POST/api/v1/auth/signup\",\"url\":\"400\",\"status\":\"1.979\",\"responseTime\":\"ms\\n\"}","timestamp":"2024-11-18T04:30:37.749Z"}
{"level":"\u001b[32minfo\u001b[39m","message":"{\"method\":\"POST/api/v1/auth/signup\",\"url\":\"200\",\"status\":\"86.371\",\"responseTime\":\"ms\\n\"}","timestamp":"2024-11-18T04:30:44.371Z"}
{"level":"\u001b[32minfo\u001b[39m","message":"{\"method\":\"POST/api/v1/auth/signin\",\"url\":\"200\",\"status\":\"97.709\",\"responseTime\":\"ms\\n\"}","timestamp":"2024-11-18T04:30:56.249Z"}
{"level":"\u001b[32minfo\u001b[39m","message":"{\"method\":\"GET/api/v1/users\",\"url\":\"200\",\"status\":\"10.460\",\"responseTime\":\"ms\\n\"}","timestamp":"2024-11-18T04:31:16.752Z"}
{"level":"\u001b[32minfo\u001b[39m","message":"{\"method\":\"GET/api/v1/users/04b2c215-77d4-43c0-af1b-8e25924e787c\",\"url\":\"201\",\"status\":\"8.866\",\"responseTime\":\"ms\\n\"}","timestamp":"2024-11-18T04:32:26.662Z"}
{"level":"\u001b[32minfo\u001b[39m","message":"{\"method\":\"DELETE/api/v1/users/04b2c215-77d4-43c0-af1b-8e25924e787c\",\"url\":\"201\",\"status\":\"33.185\",\"responseTime\":\"ms\\n\"}","timestamp":"2024-11-18T04:32:36.835Z"}
{"level":"\u001b[32minfo\u001b[39m","message":"{\"method\":\"GET/api/v1/users/04b2c215-77d4-43c0-af1b-8e25924e787c\",\"url\":\"201\",\"status\":\"12.567\",\"responseTime\":\"ms\\n\"}","timestamp":"2024-11-18T04:32:48.175Z"}
{"level":"\u001b[32minfo\u001b[39m","message":"{\"method\":\"GET/api/v1/users\",\"url\":\"200\",\"status\":\"13.573\",\"responseTime\":\"ms\\n\"}","timestamp":"2024-11-18T04:37:54.920Z"}
{"level":"\u001b[32minfo\u001b[39m","message":"{\"method\":\"GET/api/v1/users\",\"url\":\"200\",\"status\":\"19.503\",\"responseTime\":\"ms\\n\"}","timestamp":"2024-11-18T04:42:18.525Z"}
